<?xml version="1.0" encoding="UTF-8"?><testrun name="OrangeHRMS" project="OrangeHRMS" tests="4" started="4" failures="0" errors="2" ignored="3">
  <testsuite name="com.Test.useCases.RunnerTest" time="0.007">
    <testsuite name="Feature: Login to the application" time="0.007">
      <testsuite name="Scenario: Login to the Application" time="0.0" incomplete="true">
        <error>org.openqa.selenium.SessionNotCreatedException: session not created exception
from unknown error: Runtime.executionContextCreated has invalid 'context': {"auxData":{"frameId":"9676.1","isDefault":true},"id":1,"name":"","origin":"chrome-extension://aapnijgdinlhnhlmodcfapnahmbfebeb"}
  (Session info: chrome=58.0.3029.110)
  (Driver info: chromedriver=2.22.397933 (1cab651507b88dec79b2b2a22d1943c01833cc1b),platform=Windows NT 6.1.7601 SP1 x86_64) (WARNING: The server did not provide any stacktrace information)
Command duration or timeout: 3.13 seconds
Build info: version: '2.48.1', revision: 'd80083d8f7b0b0319976ef9712f7a2b531abaceb', time: '2015-10-08 14:16:53'
System info: host: 'ULTP_400', ip: '172.25.24.31', os.name: 'Windows 7', os.arch: 'amd64', os.version: '6.1', java.version: '1.8.0_131'
Driver info: org.openqa.selenium.chrome.ChromeDriver&#13;
	at sun.reflect.NativeConstructorAccessorImpl.newInstance0(Native Method)&#13;
	at sun.reflect.NativeConstructorAccessorImpl.newInstance(Unknown Source)&#13;
	at sun.reflect.DelegatingConstructorAccessorImpl.newInstance(Unknown Source)&#13;
	at java.lang.reflect.Constructor.newInstance(Unknown Source)&#13;
	at org.openqa.selenium.remote.ErrorHandler.createThrowable(ErrorHandler.java:206)&#13;
	at org.openqa.selenium.remote.ErrorHandler.throwIfResponseFailed(ErrorHandler.java:158)&#13;
	at org.openqa.selenium.remote.RemoteWebDriver.execute(RemoteWebDriver.java:647)&#13;
	at org.openqa.selenium.remote.RemoteWebDriver.startSession(RemoteWebDriver.java:247)&#13;
	at org.openqa.selenium.remote.RemoteWebDriver.&lt;init&gt;(RemoteWebDriver.java:129)&#13;
	at org.openqa.selenium.remote.RemoteWebDriver.&lt;init&gt;(RemoteWebDriver.java:142)&#13;
	at org.openqa.selenium.chrome.ChromeDriver.&lt;init&gt;(ChromeDriver.java:170)&#13;
	at org.openqa.selenium.chrome.ChromeDriver.&lt;init&gt;(ChromeDriver.java:159)&#13;
	at org.openqa.selenium.chrome.ChromeDriver.&lt;init&gt;(ChromeDriver.java:116)&#13;
	at com.Test.Configuration.BaseClass.InitialiseDriver(BaseClass.java:63)&#13;
	at com.Test.useCases.ApplicationLogin.open_the_URL(ApplicationLogin.java:13)&#13;
	at ✽.Given Open the URL(Login.feature:23)&#13;
&#13;
</error>
        <testcase name="Given Open the URL" classname="Scenario: Login to the Application" time="0.0">
          <error>org.openqa.selenium.SessionNotCreatedException: session not created exception
from unknown error: Runtime.executionContextCreated has invalid 'context': {"auxData":{"frameId":"9676.1","isDefault":true},"id":1,"name":"","origin":"chrome-extension://aapnijgdinlhnhlmodcfapnahmbfebeb"}
  (Session info: chrome=58.0.3029.110)
  (Driver info: chromedriver=2.22.397933 (1cab651507b88dec79b2b2a22d1943c01833cc1b),platform=Windows NT 6.1.7601 SP1 x86_64) (WARNING: The server did not provide any stacktrace information)
Command duration or timeout: 3.13 seconds
Build info: version: '2.48.1', revision: 'd80083d8f7b0b0319976ef9712f7a2b531abaceb', time: '2015-10-08 14:16:53'
System info: host: 'ULTP_400', ip: '172.25.24.31', os.name: 'Windows 7', os.arch: 'amd64', os.version: '6.1', java.version: '1.8.0_131'
Driver info: org.openqa.selenium.chrome.ChromeDriver&#13;
	at sun.reflect.NativeConstructorAccessorImpl.newInstance0(Native Method)&#13;
	at sun.reflect.NativeConstructorAccessorImpl.newInstance(Unknown Source)&#13;
	at sun.reflect.DelegatingConstructorAccessorImpl.newInstance(Unknown Source)&#13;
	at java.lang.reflect.Constructor.newInstance(Unknown Source)&#13;
	at org.openqa.selenium.remote.ErrorHandler.createThrowable(ErrorHandler.java:206)&#13;
	at org.openqa.selenium.remote.ErrorHandler.throwIfResponseFailed(ErrorHandler.java:158)&#13;
	at org.openqa.selenium.remote.RemoteWebDriver.execute(RemoteWebDriver.java:647)&#13;
	at org.openqa.selenium.remote.RemoteWebDriver.startSession(RemoteWebDriver.java:247)&#13;
	at org.openqa.selenium.remote.RemoteWebDriver.&lt;init&gt;(RemoteWebDriver.java:129)&#13;
	at org.openqa.selenium.remote.RemoteWebDriver.&lt;init&gt;(RemoteWebDriver.java:142)&#13;
	at org.openqa.selenium.chrome.ChromeDriver.&lt;init&gt;(ChromeDriver.java:170)&#13;
	at org.openqa.selenium.chrome.ChromeDriver.&lt;init&gt;(ChromeDriver.java:159)&#13;
	at org.openqa.selenium.chrome.ChromeDriver.&lt;init&gt;(ChromeDriver.java:116)&#13;
	at com.Test.Configuration.BaseClass.InitialiseDriver(BaseClass.java:63)&#13;
	at com.Test.useCases.ApplicationLogin.open_the_URL(ApplicationLogin.java:13)&#13;
	at ✽.Given Open the URL(Login.feature:23)&#13;
&#13;
</error>
        </testcase>
        <testcase name="Then Enter Username" classname="Scenario: Login to the Application" time="0.001" ignored="true"/>
        <testcase name="Then Enter Password" classname="Scenario: Login to the Application" time="0.0" ignored="true"/>
        <testcase name="Then Click Login Button" classname="Scenario: Login to the Application" time="0.006" ignored="true"/>
      </testsuite>
    </testsuite>
  </testsuite>
</testrun>
