<?xml version="1.0" encoding="UTF-8"?><testrun name="OrangeHRMS" project="OrangeHRMS" tests="4" started="4" failures="0" errors="2" ignored="3">
  <testsuite name="com.Test.useCases.RunnerTest" time="0.004">
    <testsuite name="Feature: Login to the application" time="0.004">
      <testsuite name="Scenario: Login to the Application" time="0.003" incomplete="true">
        <error>java.lang.NoSuchMethodError: org.openqa.selenium.os.CommandLine.findExecutable(Ljava/lang/String;)Ljava/lang/String;&#13;
	at org.openqa.selenium.chrome.ChromeDriverService.createDefaultService(ChromeDriverService.java:84)&#13;
	at org.openqa.selenium.chrome.ChromeDriver.&lt;init&gt;(ChromeDriver.java:87)&#13;
	at com.Test.Configuration.BaseClass.InitialiseDriver(BaseClass.java:63)&#13;
	at com.Test.useCases.ApplicationLogin.open_the_URL(ApplicationLogin.java:13)&#13;
	at ✽.Given Open the URL(Login.feature:23)&#13;
&#13;
</error>
        <testcase name="Given Open the URL" classname="Scenario: Login to the Application" time="0.003">
          <error>java.lang.NoSuchMethodError: org.openqa.selenium.os.CommandLine.findExecutable(Ljava/lang/String;)Ljava/lang/String;&#13;
	at org.openqa.selenium.chrome.ChromeDriverService.createDefaultService(ChromeDriverService.java:84)&#13;
	at org.openqa.selenium.chrome.ChromeDriver.&lt;init&gt;(ChromeDriver.java:87)&#13;
	at com.Test.Configuration.BaseClass.InitialiseDriver(BaseClass.java:63)&#13;
	at com.Test.useCases.ApplicationLogin.open_the_URL(ApplicationLogin.java:13)&#13;
	at ✽.Given Open the URL(Login.feature:23)&#13;
&#13;
</error>
        </testcase>
        <testcase name="Then Enter Username" classname="Scenario: Login to the Application" time="0.0" ignored="true"/>
        <testcase name="Then Enter Password" classname="Scenario: Login to the Application" time="0.0" ignored="true"/>
        <testcase name="Then Click Login Button" classname="Scenario: Login to the Application" time="0.0" ignored="true"/>
      </testsuite>
    </testsuite>
  </testsuite>
</testrun>
