<?xml version="1.0" encoding="UTF-8"?><testrun name="OrangeHRMS" project="OrangeHRMS" tests="4" started="4" failures="0" errors="2" ignored="3">
  <testsuite name="com.Test.useCases.RunnerTest" time="0.125">
    <testsuite name="Feature: Login to the application" time="0.125">
      <testsuite name="Scenario: Login to the Application" time="0.037" incomplete="true">
        <error>java.lang.IllegalStateException: The driver executable does not exist: E:\My Work\WorkSpace\OrangeHRMS\src\test\resource\chromedriver.exe&#13;
	at com.google.common.base.Preconditions.checkState(Preconditions.java:518)&#13;
	at org.openqa.selenium.remote.service.DriverService.checkExecutable(DriverService.java:136)&#13;
	at org.openqa.selenium.remote.service.DriverService.findExecutable(DriverService.java:131)&#13;
	at org.openqa.selenium.chrome.ChromeDriverService.access$000(ChromeDriverService.java:32)&#13;
	at org.openqa.selenium.chrome.ChromeDriverService$Builder.findDefaultExecutable(ChromeDriverService.java:137)&#13;
	at org.openqa.selenium.remote.service.DriverService$Builder.build(DriverService.java:330)&#13;
	at org.openqa.selenium.chrome.ChromeDriverService.createDefaultService(ChromeDriverService.java:88)&#13;
	at org.openqa.selenium.chrome.ChromeDriver.&lt;init&gt;(ChromeDriver.java:124)&#13;
	at com.Test.Configuration.BaseClass.InitialiseDriver(BaseClass.java:63)&#13;
	at com.Test.useCases.ApplicationLogin.open_the_URL(ApplicationLogin.java:13)&#13;
	at ✽.Given Open the URL(Login.feature:23)&#13;
&#13;
</error>
        <testcase name="Given Open the URL" classname="Scenario: Login to the Application" time="0.036">
          <error>java.lang.IllegalStateException: The driver executable does not exist: E:\My Work\WorkSpace\OrangeHRMS\src\test\resource\chromedriver.exe&#13;
	at com.google.common.base.Preconditions.checkState(Preconditions.java:518)&#13;
	at org.openqa.selenium.remote.service.DriverService.checkExecutable(DriverService.java:136)&#13;
	at org.openqa.selenium.remote.service.DriverService.findExecutable(DriverService.java:131)&#13;
	at org.openqa.selenium.chrome.ChromeDriverService.access$000(ChromeDriverService.java:32)&#13;
	at org.openqa.selenium.chrome.ChromeDriverService$Builder.findDefaultExecutable(ChromeDriverService.java:137)&#13;
	at org.openqa.selenium.remote.service.DriverService$Builder.build(DriverService.java:330)&#13;
	at org.openqa.selenium.chrome.ChromeDriverService.createDefaultService(ChromeDriverService.java:88)&#13;
	at org.openqa.selenium.chrome.ChromeDriver.&lt;init&gt;(ChromeDriver.java:124)&#13;
	at com.Test.Configuration.BaseClass.InitialiseDriver(BaseClass.java:63)&#13;
	at com.Test.useCases.ApplicationLogin.open_the_URL(ApplicationLogin.java:13)&#13;
	at ✽.Given Open the URL(Login.feature:23)&#13;
&#13;
</error>
        </testcase>
        <testcase name="Then Enter Username" classname="Scenario: Login to the Application" time="0.001" ignored="true"/>
        <testcase name="Then Enter Password" classname="Scenario: Login to the Application" time="0.005" ignored="true"/>
        <testcase name="Then Click Login Button" classname="Scenario: Login to the Application" time="0.075" ignored="true"/>
      </testsuite>
    </testsuite>
  </testsuite>
</testrun>
